1596301495753	mozrunner::runner	INFO	Running command: "C:\\Program Files\\Mozilla Firefox\\firefox.exe" "-marionette" "-foreground" "-no-remote" "-profile" "C:\\Users\\user\\AppData\\Local\\Temp\\rust_mozprofilea2BBkj"
JavaScript error: resource://gre/modules/XULStore.jsm, line 66: Error: Can't find profile directory.
console.error: SearchCache: "_readCacheFile: Error reading cache file:" (new Error("", "(unknown module)"))
1596301498398	Marionette	INFO	Listening on port 1086
1596301498902	Marionette	WARN	TLS certificate errors will be ignored for this session
JavaScript warning: https://duckduckgo.com/d2830.js, line 1: unreachable code after return statement
JavaScript warning: https://duckduckgo.com/d2830.js, line 1: unreachable code after return statement
JavaScript warning: https://duckduckgo.com/d2830.js, line 1: unreachable code after return statement
JavaScript warning: https://duckduckgo.com/d2830.js, line 1: unreachable code after return statement
JavaScript warning: https://duckduckgo.com/d2830.js, line 1: unreachable code after return statement
JavaScript warning: https://duckduckgo.com/d2830.js, line 1: unreachable code after return statement
JavaScript warning: https://duckduckgo.com/d2830.js, line 1: unreachable code after return statement
JavaScript warning: https://duckduckgo.com/d2830.js, line 1: unreachable code after return statement
JavaScript warning: https://duckduckgo.com/d2830.js, line 1: unreachable code after return statement
1596301503192	Marionette	INFO	Stopped listening on port 1086

###!!! [Child][RunMessage] Error: Channel closing: too late to send/recv, messages will be lost


###!!! [Child][MessageChannel::SendAndWait] Error: Channel error: cannot send/recv

1596301721444	mozrunner::runner	INFO	Running command: "C:\\Program Files\\Mozilla Firefox\\firefox.exe" "-marionette" "-foreground" "-no-remote" "-profile" "C:\\Users\\user\\AppData\\Local\\Temp\\rust_mozprofileLqGY67"
JavaScript error: resource://gre/modules/XULStore.jsm, line 66: Error: Can't find profile directory.
console.error: SearchCache: "_readCacheFile: Error reading cache file:" (new Error("", "(unknown module)"))
1596301723794	Marionette	INFO	Listening on port 1266
1596301724093	Marionette	WARN	TLS certificate errors will be ignored for this session
JavaScript warning: https://duckduckgo.com/d2830.js, line 1: unreachable code after return statement
JavaScript warning: https://duckduckgo.com/d2830.js, line 1: unreachable code after return statement
JavaScript warning: https://duckduckgo.com/d2830.js, line 1: unreachable code after return statement
JavaScript warning: https://duckduckgo.com/d2830.js, line 1: unreachable code after return statement
JavaScript warning: https://duckduckgo.com/d2830.js, line 1: unreachable code after return statement
JavaScript warning: https://duckduckgo.com/d2830.js, line 1: unreachable code after return statement
JavaScript warning: https://duckduckgo.com/d2830.js, line 1: unreachable code after return statement
JavaScript warning: https://duckduckgo.com/d2830.js, line 1: unreachable code after return statement
JavaScript warning: https://duckduckgo.com/d2830.js, line 1: unreachable code after return statement
1596301727960	Marionette	INFO	Stopped listening on port 1266

###!!! [Child][RunMessage] Error: Channel closing: too late to send/recv, messages will be lost


###!!! [Child][MessageChannel::SendAndWait] Error: Channel error: cannot send/recv

